[debug] [2021-11-01T15:06:48.789Z] ----------------------------------------------------------------------
[debug] [2021-11-01T15:06:48.790Z] Command:       /opt/homebrew/Cellar/node/16.6.2/bin/node /opt/homebrew/bin/firebase login --reauth
[debug] [2021-11-01T15:06:48.790Z] CLI Version:   8.15.0
[debug] [2021-11-01T15:06:48.790Z] Platform:      darwin
[debug] [2021-11-01T15:06:48.790Z] Node Version:  v16.6.2
[debug] [2021-11-01T15:06:48.791Z] Time:          Mon Nov 01 2021 23:06:48 GMT+0800 (China Standard Time)
[debug] [2021-11-01T15:06:48.791Z] ----------------------------------------------------------------------
[debug] [2021-11-01T15:06:48.791Z] 
[info] 
[info] Visit this URL on this device to log in:
[info] https://accounts.google.com/o/oauth2/auth?client_id=563584335869-fgrhgmd47bqnekij5i8b5pr03ho849e6.apps.googleusercontent.com&scope=email%20openid%20https%3A%2F%2Fwww.googleapis.com%2Fauth%2Fcloudplatformprojects.readonly%20https%3A%2F%2Fwww.googleapis.com%2Fauth%2Ffirebase%20https%3A%2F%2Fwww.googleapis.com%2Fauth%2Fcloud-platform&response_type=code&state=961632538&redirect_uri=http%3A%2F%2Flocalhost%3A9005
[info] 
[info] Waiting for authentication...
[debug] [2021-11-01T15:06:54.436Z] >>> HTTP REQUEST POST https://accounts.google.com/o/oauth2/token  
 {"code":"4/0AX4XfWj8s6qswd0KIEi2Omlv5IfoxE-uNtq0ITNVwUqdCsqgCFS5mZ0mbU42T75L9qKL_Q","client_id":"563584335869-fgrhgmd47bqnekij5i8b5pr03ho849e6.apps.googleusercontent.com","client_secret":"j9iVZfS8kkCEFUPaAeJV0sAi","redirect_uri":"http://localhost:9005","grant_type":"authorization_code"}
[debug] [2021-11-01T15:06:54.443Z] Token Fetch Error: FirebaseError: Server Error. tunneling socket could not be established, cause=connect ECONNREFUSED 127.0.0.1:10818
    at Request._callback (/opt/homebrew/lib/node_modules/firebase-tools/lib/api.js:32:31)
    at self.callback (/opt/homebrew/lib/node_modules/firebase-tools/node_modules/request/request.js:185:22)
    at Request.emit (node:events:394:28)
    at Request.emit (node:domain:475:12)
    at Request.onRequestError (/opt/homebrew/lib/node_modules/firebase-tools/node_modules/request/request.js:877:8)
    at ClientRequest.emit (node:events:394:28)
    at ClientRequest.emit (node:domain:475:12)
    at ClientRequest.onError (/opt/homebrew/lib/node_modules/firebase-tools/node_modules/tunnel-agent/index.js:179:21)
    at Object.onceWrapper (node:events:514:26)
    at ClientRequest.emit (node:events:394:28)
    at ClientRequest.emit (node:domain:475:12)
    at Socket.socketErrorListener (node:_http_client:447:9)
    at Socket.emit (node:events:394:28)
    at Socket.emit (node:domain:475:12)
    at emitErrorNT (node:internal/streams/destroy:157:8)
    at emitErrorCloseNT (node:internal/streams/destroy:122:3)
